

<!DOCTYPE html>
<html>
<head>
<meta charset="UTF-8">
<meta name="viewport" content="width=device-width, initial-scale=1, shrink-to-fit=no">
<title>Cucumber1</title>
<link rel="apple-touch-icon" href="https://cdn.jsdelivr.net/gh/extent-framework/extent-github-cdn@b00a2d0486596e73dd7326beacf352c639623a0e/commons/img/logo.png">
<link rel="shortcut icon" href="https://cdn.jsdelivr.net/gh/extent-framework/extent-github-cdn@b00a2d0486596e73dd7326beacf352c639623a0e/commons/img/logo.png">
<link href="https://cdn.jsdelivr.net/gh/extent-framework/extent-github-cdn@d6562a79075e061305ccfdb82f01e5e195e2d307/spark/css/spark-style.css" rel="stylesheet" />
<link href="https://stackpath.bootstrapcdn.com/font-awesome/4.7.0/css/font-awesome.min.css" rel="stylesheet">
<script src="https://cdn.jsdelivr.net/gh/extent-framework/extent-github-cdn@7cc78ce/spark/js/jsontree.js"></script>
<style type="text/css"></style></head><body class="spa bdd-report standard">
  <div class="app">
    <div class="layout">
<div class="header navbar">
<div class="vheader">
<div class="nav-logo">
<a href="#">
<div class="logo" style="background-image: url('https://cdn.jsdelivr.net/gh/extent-framework/extent-github-cdn@b00a2d0486596e73dd7326beacf352c639623a0e/commons/img/logo.png')"></div>
</a>
</div>
<ul class="nav-left">
<li class="search-box">
<a class="search-toggle" href="#">
<i class="search-icon fa fa-search"></i>
<i class="search-icon-close fa fa-close"></i>
</a>
</li>
<li class="search-input"><input id="search-tests" class="form-control" type="text" placeholder="Search..."></li>
</ul>
<ul class="nav-right">
<li class="m-r-10">
<a href="#"><span class="badge badge-primary">Automation Report</span></a>
</li>
<li class="m-r-10">
<a href="#"><span class="badge badge-primary">Jul 26, 2023 01:20:20 PM</span></a>
</li>
</ul>
</div>
</div><div class="side-nav">
<div class="side-nav-inner">
<ul class="side-nav-menu">
<li class="nav-item dropdown" onclick="toggleView('dashboard-view')">
<a id="nav-dashboard" class="dropdown-toggle" href="#">
<span class="ico"><i class="fa fa-bar-chart"></i></span>
</a>
</li>
<li class="nav-item dropdown" onclick="toggleView('test-view')">
<a id="nav-test" class="dropdown-toggle" href="#">
<span class="ico"><i class="fa fa-list"></i></span>
</a>
</li>
<li class="nav-item dropdown" onclick="toggleView('category-view')">
<a id="nav-category" class="dropdown-toggle" href="#">
<span class="ico"><i class="fa fa-tag"></i></span>
</a>
</li>
<li class="nav-item dropdown" onclick="toggleView('exception-view')">
<a id="nav-exception" class="dropdown-toggle" href="#">
<span class="ico"><i class="fa fa-bug"></i></span>
</a>
</li>
</ul>
</div>
</div>      <div class="vcontainer">
        <div class="main-content">
<div class="container-fluid p-4 view dashboard-view">
<div class="row">
<div class="col-md-3">
<div class="card"><div class="card-body">
<p class="m-b-0">Started</p>
<h3>Jul 26, 2023 01:20:20 PM</h3>
</div></div>
</div>
<div class="col-md-3">
<div class="card"><div class="card-body">
<p class="m-b-0">Ended</p>
<h3>Jul 26, 2023 01:21:44 PM</h3>
</div></div>
</div>
<div class="col-md-3">
<div class="card"><div class="card-body">
<p class="m-b-0 text-pass">Features Passed</p>
<h3>0</h3>
</div></div>
</div>
<div class="col-md-3">
<div class="card"><div class="card-body">
<p class="m-b-0 text-fail">Features Failed</p>
<h3>4</h3>
</div></div>
</div>
</div>
<div class="row">
<div class="col-md-4">
<div class="card">
<div class="card-header">
<h6 class="card-title">Features</h6>
</div>
<div class="card-body">
<div class="">
<canvas id='parent-analysis' width='115' height='90'></canvas>
</div>
</div>
<div class="card-footer">
<div><small data-tooltip='0%'>
<b>0</b> features passed
</small>
</div>
<div>
<small data-tooltip='100%'><b>4</b> features failed,
<b>0</b> skipped, <b data-tooltip='0%'>0</b> others
</small>
</div>
</div>
</div>
</div>
<div class="col-md-4">
<div class="card">
<div class="card-header">
<h6 class="card-title">Scenarios</h6>
</div>
<div class="card-body">
<div class="">
<canvas id='child-analysis' width='115' height='90'></canvas>
</div>
</div>
<div class="card-footer">
<div><small data-tooltip='0%'><b>0</b> scenarios passed</small></div>
<div>
<small data-tooltip='100%'><b>9</b> scenarios failed,
<b>0</b> skipped, <b data-tooltip='%'>0</b> others
</small>
</div>
</div>
</div>
</div>
<div class="col-md-4">
<div class="card">
<div class="card-header">
<h6 class="card-title">Steps</h6>
</div>
<div class="card-body">
<div class="">
<canvas id='grandchild-analysis' width='115' height='90'></canvas>
</div>
</div>
<div class="card-footer">
<div><small data-tooltip='0%'><b>0</b> steps passed</small></div>
<div>
<small data-tooltip='17%'><b>9</b> steps failed,
<b>43</b> skipped, <b data-tooltip='%'>0</b> others
</small>
</div>
</div>
</div>
</div>
</div>
<div class="row"><div class="col-md-12">
<div class="card"><div class="card-header"><p>Timeline</p></div>
<div class="card-body pt-0"><div>
<canvas id="timeline" height="120"></canvas>
</div></div>
</div>
</div></div>
<script>
var timeline = {
"User to User Payment":25.439,"Payment to system":17.384,"Payment Requests":35.584,"Alert":2.637
};
</script>
<div class="row">
<div class="col-lg-6 col-md-12 category-container">
<div class="card">
<div class="card-header"><p>Tags</p></div>
<div class="card-body pb-0 pt-0"><table class="table table-sm table-bordered">
<thead><tr class="bg-gray"><th>Name</th><th>Passed</th><th>Failed</th><th>Skipped</th><th>Others</th><th>Passed %</th></tr></thead><tbody>
<tr>
<td>@Test4</td>
<td>0</td>
<td>1</td>
<td>0</td>
<td>0</td>
<td>0%</td>
</tr>
<tr>
<td>@Test1</td>
<td>0</td>
<td>4</td>
<td>0</td>
<td>0</td>
<td>0%</td>
</tr>
<tr>
<td>@Test2</td>
<td>0</td>
<td>2</td>
<td>0</td>
<td>0</td>
<td>0%</td>
</tr>
<tr>
<td>@tag</td>
<td>0</td>
<td>9</td>
<td>0</td>
<td>0</td>
<td>0%</td>
</tr>
<tr>
<td>@Test3</td>
<td>0</td>
<td>2</td>
<td>0</td>
<td>0</td>
<td>0%</td>
</tr>
</tbody>
</table></div>
</div>
</div>
<div class="col-lg-6 col-md-12 sysenv-container">
<div class="card">
<div class="card-header"><p>System/Environment</p></div>
<div class="card-body pb-0 pt-0"><table class="table table-sm table-bordered">
<thead><tr class="bg-gray"><th>Name</th><th>Value</th></tr></thead>
<tbody>
<tr>
<td>AppName</td>
<td>Payment</td>
</tr>
<tr>
<td>user</td>
<td>Admin</td>
</tr>
<tr>
<td>build</td>
<td>1.5</td>
</tr>
<tr>
<td>os</td>
<td>windows10</td>
</tr>
</tbody>
</table></div>
</div>
</div>
</div>
</div>
<script>
var statusGroup = {
parentCount: 5,
passParent: 0,
failParent: 4,
warningParent: 0,
skipParent: 0,
childCount: 5,
passChild: 0,
failChild: 9,
warningChild: 0,
skipChild: 0,
infoChild: 0,
grandChildCount: 5,
passGrandChild: 0,
failGrandChild: 9,
warningGrandChild: 0,
skipGrandChild: 43,
infoGrandChild: 0,
eventsCount: 5,
};
</script><div class="test-wrapper row view test-view">
  <div class="test-list">
    <div class="test-list-tools">
<ul class="tools pull-left">
<li><a href="#"><span class="font-size-14">Tests</span></a></li>
</ul>
<ul class="tools text-right">
<li class="dropdown">
<a href="#" class="dropdown-toggle" data-toggle="dropdown"><i class="fa fa-exclamation-circle"></i></a>
<ul id="status-toggle" class="dropdown-menu dropdown-md p-v-0">
<a class="dropdown-item" status="fail" href="#"><span>Fail</span><span class="status danger"></span></a>
<div class="dropdown-divider"></div>
<a status="clear" class="dropdown-item" href="#"><span>Clear</span><span class="pull-right"><i class="fa fa-close"></i></span></a>
</ul>
</li>
<li class="dropdown">
<a href="#" class="dropdown-toggle" data-toggle="dropdown"><i class="fa fa-tag"></i></a>
<ul id="tag-toggle" class="dropdown-menu dropdown-md p-v-0">
<a class="dropdown-item" href="#">@Test4</a><a class="dropdown-item" href="#">@Test1</a><a class="dropdown-item" href="#">@Test2</a><a class="dropdown-item" href="#">@tag</a><a class="dropdown-item" href="#">@Test3</a>
</ul>
</li>
</ul>
</div>    <div class="test-list-wrapper scrollable">
      <ul class="test-list-item">
        <li class="test-item"  status="fail" test-id="1"
          author=""
          tag=""
          device="">
          <div class="test-detail">
            <p class="name">User to User Payment</p>
            <p class="text-sm">
              <span>1:20:22 PM</span> / <span>00:00:25:439</span>
              <span class="badge fail-bg log float-right">Fail</span>
            </p>
          </div>
          <div class="test-contents d-none">
<div class="detail-head">
<div class="p-v-10">
<div class="info">
<h5 class="test-status text-fail">User to User Payment</h5>
<span class='badge badge-success'>07.26.2023 1:20:22 PM</span>
<span class='badge badge-danger'>07.26.2023 1:20:48 PM</span>
<span class='badge badge-default'>00:00:25:439</span>
&middot; <span class='uri-anchor badge badge-default'>#test-id=1</span>
<span class='badge badge-default pointer float-right ml-1 et'><i class="fa fa-chevron-down"></i></span>
<span class='badge badge-default pointer float-right ct'><i class="fa fa-chevron-up"></i></span>
</div>
<div class="m-t-10 m-l-5"></div>
</div>
</div>
<div class="accordion mt-4">
  <div class="card">
    <div class="card-header" role="tab">
      <div class="card-title">
        <div class="node" id="2"><span class="badge log fail-bg mr-2">Fail</span>User to User Payment</div>
      </div>
    </div>
        <div class="">
          <div class="card-body">
              <div class="step fail-bg" title="StepDefinition.StepDefinition_3_1.user_should_click_the_User_to_User_Payment()">
                <span>Given user should click the User to User Payment</span>
      <div>
        <textarea disabled class="code-block">org.openqa.selenium.WebDriverException: unknown error: net::ERR_INTERNET_DISCONNECTED
  (Session info: chrome=114.0.5735.248)
Build info: version: '3.141.59', revision: 'e82be7d358', time: '2018-11-14T08:17:03'
System info: host: 'DESKTOP-9ST93DG', ip: '127.0.0.1', os.name: 'Windows 11', os.arch: 'amd64', os.version: '10.0', java.version: '18.0.1.1'
Driver info: org.openqa.selenium.chrome.ChromeDriver
Capabilities {acceptInsecureCerts: false, browserName: chrome, browserVersion: 114.0.5735.248, chrome: {chromedriverVersion: 114.0.5735.90 (386bc09e8f4f..., userDataDir: C:\Users\Admin\AppData\Loca...}, goog:chromeOptions: {debuggerAddress: localhost:64998}, javascriptEnabled: true, networkConnectionEnabled: false, pageLoadStrategy: normal, platform: WINDOWS, platformName: WINDOWS, proxy: Proxy(), setWindowRect: true, strictFileInteractability: false, timeouts: {implicit: 0, pageLoad: 300000, script: 30000}, unhandledPromptBehavior: dismiss and notify, webauthn:extension:credBlob: true, webauthn:extension:largeBlob: true, webauthn:extension:minPinLength: true, webauthn:extension:prf: true, webauthn:virtualAuthenticators: true}
Session ID: afe336f0d41d97a886838c18b38dc048
	at java.base/jdk.internal.reflect.DirectConstructorHandleAccessor.newInstance(DirectConstructorHandleAccessor.java:67)
	at java.base/java.lang.reflect.Constructor.newInstanceWithCaller(Constructor.java:499)
	at java.base/java.lang.reflect.Constructor.newInstance(Constructor.java:483)
	at org.openqa.selenium.remote.http.W3CHttpResponseCodec.createException(W3CHttpResponseCodec.java:185)
	at org.openqa.selenium.remote.http.W3CHttpResponseCodec.decode(W3CHttpResponseCodec.java:120)
	at org.openqa.selenium.remote.http.W3CHttpResponseCodec.decode(W3CHttpResponseCodec.java:49)
	at org.openqa.selenium.remote.HttpCommandExecutor.execute(HttpCommandExecutor.java:164)
	at org.openqa.selenium.remote.service.DriverCommandExecutor.execute(DriverCommandExecutor.java:83)
	at org.openqa.selenium.remote.RemoteWebDriver.execute(RemoteWebDriver.java:586)
	at org.openqa.selenium.remote.RemoteWebDriver.get(RemoteWebDriver.java:310)
	at StepDefinition.HelperClass.login(HelperClass.java:42)
	at StepDefinition.StepDefinition_3_1.user_should_click_the_User_to_User_Payment(StepDefinition_3_1.java:22)
	at ✽.user should click the User to User Payment(file:///C:/Users/Admin/eclipse-workspace/Payment/src/test/resources/Features/3.1User_to_User_Payment.feature:7)
</textarea>
      
      </div>
              </div>
              <div class="step skip-bg" title="StepDefinition.StepDefinition_3_1.user_should_fill_the_to_user_field()">
                <span>And user should fill the to user field</span>
      <div>Step skipped
      </div>
              </div>
              <div class="step skip-bg" title="StepDefinition.StepDefinition_3_1.user_should_enter_the_amount()">
                <span>And User Should Enter The Amount</span>
      <div>Step skipped
      </div>
              </div>
              <div class="step skip-bg" title="StepDefinition.StepDefinition_3_1.user_should_select_scheduling()">
                <span>And User Should Select Scheduling</span>
      <div>Step skipped
      </div>
              </div>
              <div class="step skip-bg" title="StepDefinition.StepDefinition_3_1.user_should_click_next_and_confirm_the_payment()">
                <span>Then User Should Click Next And Confirm The Payment</span>
      <div>Step skipped
      </div>
              </div>
              <div class="step skip-bg" title="StepDefinition.StepDefinition_3_1.close_the_browser()">
                <span>And Close the Browser</span>
      <div>Step skipped
      </div>
              </div>
          </div>
        </div>
  </div>
  <div class="card">
    <div class="card-header" role="tab">
      <div class="card-title">
        <div class="node" id="9"><span class="badge log fail-bg mr-2">Fail</span>User to User Payment(Scheduled Payments)</div>
      </div>
    </div>
        <div class="">
          <div class="card-body">
              <div class="step fail-bg" title="StepDefinition.StepDefinition_3_1.user_should_click_the_User_to_User_Payment()">
                <span>Given user should click the User to User Payment</span>
      <div>
        <textarea disabled class="code-block">org.openqa.selenium.WebDriverException: unknown error: net::ERR_INTERNET_DISCONNECTED
  (Session info: chrome=114.0.5735.248)
Build info: version: '3.141.59', revision: 'e82be7d358', time: '2018-11-14T08:17:03'
System info: host: 'DESKTOP-9ST93DG', ip: '127.0.0.1', os.name: 'Windows 11', os.arch: 'amd64', os.version: '10.0', java.version: '18.0.1.1'
Driver info: org.openqa.selenium.chrome.ChromeDriver
Capabilities {acceptInsecureCerts: false, browserName: chrome, browserVersion: 114.0.5735.248, chrome: {chromedriverVersion: 114.0.5735.90 (386bc09e8f4f..., userDataDir: C:\Users\Admin\AppData\Loca...}, goog:chromeOptions: {debuggerAddress: localhost:65011}, javascriptEnabled: true, networkConnectionEnabled: false, pageLoadStrategy: normal, platform: WINDOWS, platformName: WINDOWS, proxy: Proxy(), setWindowRect: true, strictFileInteractability: false, timeouts: {implicit: 0, pageLoad: 300000, script: 30000}, unhandledPromptBehavior: dismiss and notify, webauthn:extension:credBlob: true, webauthn:extension:largeBlob: true, webauthn:extension:minPinLength: true, webauthn:extension:prf: true, webauthn:virtualAuthenticators: true}
Session ID: d6df6cc668a82b085360c9648819fdd8
	at java.base/jdk.internal.reflect.DirectConstructorHandleAccessor.newInstance(DirectConstructorHandleAccessor.java:67)
	at java.base/java.lang.reflect.Constructor.newInstanceWithCaller(Constructor.java:499)
	at java.base/java.lang.reflect.Constructor.newInstance(Constructor.java:483)
	at org.openqa.selenium.remote.http.W3CHttpResponseCodec.createException(W3CHttpResponseCodec.java:185)
	at org.openqa.selenium.remote.http.W3CHttpResponseCodec.decode(W3CHttpResponseCodec.java:120)
	at org.openqa.selenium.remote.http.W3CHttpResponseCodec.decode(W3CHttpResponseCodec.java:49)
	at org.openqa.selenium.remote.HttpCommandExecutor.execute(HttpCommandExecutor.java:164)
	at org.openqa.selenium.remote.service.DriverCommandExecutor.execute(DriverCommandExecutor.java:83)
	at org.openqa.selenium.remote.RemoteWebDriver.execute(RemoteWebDriver.java:586)
	at org.openqa.selenium.remote.RemoteWebDriver.get(RemoteWebDriver.java:310)
	at StepDefinition.HelperClass.login(HelperClass.java:42)
	at StepDefinition.StepDefinition_3_1.user_should_click_the_User_to_User_Payment(StepDefinition_3_1.java:22)
	at ✽.user should click the User to User Payment(file:///C:/Users/Admin/eclipse-workspace/Payment/src/test/resources/Features/3.1User_to_User_Payment.feature:15)
</textarea>
      
      </div>
              </div>
              <div class="step skip-bg" title="StepDefinition.StepDefinition_3_1.user_should_fill_the_to_user_field()">
                <span>And user should fill the to user field</span>
      <div>Step skipped
      </div>
              </div>
              <div class="step skip-bg" title="StepDefinition.StepDefinition_3_1.user_should_enter_the_amount()">
                <span>And User Should Enter The Amount</span>
      <div>Step skipped
      </div>
              </div>
              <div class="step skip-bg" title="StepDefinition.StepDefinition_3_1.user_should_select_scheduled_scheduling(java.lang.String)">
                <span>And User Should Select(Scheduled) Scheduling "Scheduled"</span>
      <div>Step skipped
      </div>
              </div>
              <div class="step skip-bg" title="StepDefinition.StepDefinition_3_1.user_should_click_next_and_confirm_the_payment()">
                <span>Then User Should Click Next And Confirm The Payment</span>
      <div>Step skipped
      </div>
              </div>
              <div class="step skip-bg" title="StepDefinition.StepDefinition_3_1.close_the_browser()">
                <span>And Close the Browser</span>
      <div>Step skipped
      </div>
              </div>
          </div>
        </div>
  </div>
  <div class="card">
    <div class="card-header" role="tab">
      <div class="card-title">
        <div class="node" id="16"><span class="badge log fail-bg mr-2">Fail</span>User to User Payment(Monthly installments)</div>
      </div>
    </div>
        <div class="">
          <div class="card-body">
              <div class="step fail-bg" title="StepDefinition.StepDefinition_3_1.user_should_click_the_User_to_User_Payment()">
                <span>Given user should click the User to User Payment</span>
      <div>
        <textarea disabled class="code-block">org.openqa.selenium.WebDriverException: unknown error: net::ERR_INTERNET_DISCONNECTED
  (Session info: chrome=114.0.5735.248)
Build info: version: '3.141.59', revision: 'e82be7d358', time: '2018-11-14T08:17:03'
System info: host: 'DESKTOP-9ST93DG', ip: '127.0.0.1', os.name: 'Windows 11', os.arch: 'amd64', os.version: '10.0', java.version: '18.0.1.1'
Driver info: org.openqa.selenium.chrome.ChromeDriver
Capabilities {acceptInsecureCerts: false, browserName: chrome, browserVersion: 114.0.5735.248, chrome: {chromedriverVersion: 114.0.5735.90 (386bc09e8f4f..., userDataDir: C:\Users\Admin\AppData\Loca...}, goog:chromeOptions: {debuggerAddress: localhost:65024}, javascriptEnabled: true, networkConnectionEnabled: false, pageLoadStrategy: normal, platform: WINDOWS, platformName: WINDOWS, proxy: Proxy(), setWindowRect: true, strictFileInteractability: false, timeouts: {implicit: 0, pageLoad: 300000, script: 30000}, unhandledPromptBehavior: dismiss and notify, webauthn:extension:credBlob: true, webauthn:extension:largeBlob: true, webauthn:extension:minPinLength: true, webauthn:extension:prf: true, webauthn:virtualAuthenticators: true}
Session ID: 91ea1a3dc9275a45eb715a2fe767419c
	at java.base/jdk.internal.reflect.DirectConstructorHandleAccessor.newInstance(DirectConstructorHandleAccessor.java:67)
	at java.base/java.lang.reflect.Constructor.newInstanceWithCaller(Constructor.java:499)
	at java.base/java.lang.reflect.Constructor.newInstance(Constructor.java:483)
	at org.openqa.selenium.remote.http.W3CHttpResponseCodec.createException(W3CHttpResponseCodec.java:185)
	at org.openqa.selenium.remote.http.W3CHttpResponseCodec.decode(W3CHttpResponseCodec.java:120)
	at org.openqa.selenium.remote.http.W3CHttpResponseCodec.decode(W3CHttpResponseCodec.java:49)
	at org.openqa.selenium.remote.HttpCommandExecutor.execute(HttpCommandExecutor.java:164)
	at org.openqa.selenium.remote.service.DriverCommandExecutor.execute(DriverCommandExecutor.java:83)
	at org.openqa.selenium.remote.RemoteWebDriver.execute(RemoteWebDriver.java:586)
	at org.openqa.selenium.remote.RemoteWebDriver.get(RemoteWebDriver.java:310)
	at StepDefinition.HelperClass.login(HelperClass.java:42)
	at StepDefinition.StepDefinition_3_1.user_should_click_the_User_to_User_Payment(StepDefinition_3_1.java:22)
	at ✽.user should click the User to User Payment(file:///C:/Users/Admin/eclipse-workspace/Payment/src/test/resources/Features/3.1User_to_User_Payment.feature:23)
</textarea>
      
      </div>
              </div>
              <div class="step skip-bg" title="StepDefinition.StepDefinition_3_1.user_should_fill_the_to_user_field()">
                <span>And user should fill the to user field</span>
      <div>Step skipped
      </div>
              </div>
              <div class="step skip-bg" title="StepDefinition.StepDefinition_3_1.user_should_enter_the_amount()">
                <span>And User Should Enter The Amount</span>
      <div>Step skipped
      </div>
              </div>
              <div class="step skip-bg" title="StepDefinition.StepDefinition_3_1.user_should_select_monthly_installments_scheduling(java.lang.String,java.lang.String)">
                <span>And User Should Select(Monthly installments) Scheduling "Monthly installments","10"</span>
      <div>Step skipped
      </div>
              </div>
              <div class="step skip-bg" title="StepDefinition.StepDefinition_3_1.user_should_click_next_and_confirm_the_payment_for_monthly_installments()">
                <span>Then User Should Click Next And Confirm The Payment For Monthly installments</span>
      <div>Step skipped
      </div>
              </div>
              <div class="step skip-bg" title="StepDefinition.StepDefinition_3_1.close_the_browser()">
                <span>And Close the Browser</span>
      <div>Step skipped
      </div>
              </div>
          </div>
        </div>
  </div>
  <div class="card">
    <div class="card-header" role="tab">
      <div class="card-title">
        <div class="node" id="23"><span class="badge log fail-bg mr-2">Fail</span>User to User Payment(Recurring payments)</div>
      </div>
    </div>
        <div class="">
          <div class="card-body">
              <div class="step fail-bg" title="StepDefinition.StepDefinition_3_1.user_should_click_the_User_to_User_Payment()">
                <span>Given user should click the User to User Payment</span>
      <div>
        <textarea disabled class="code-block">org.openqa.selenium.WebDriverException: unknown error: net::ERR_INTERNET_DISCONNECTED
  (Session info: chrome=114.0.5735.248)
Build info: version: '3.141.59', revision: 'e82be7d358', time: '2018-11-14T08:17:03'
System info: host: 'DESKTOP-9ST93DG', ip: '127.0.0.1', os.name: 'Windows 11', os.arch: 'amd64', os.version: '10.0', java.version: '18.0.1.1'
Driver info: org.openqa.selenium.chrome.ChromeDriver
Capabilities {acceptInsecureCerts: false, browserName: chrome, browserVersion: 114.0.5735.248, chrome: {chromedriverVersion: 114.0.5735.90 (386bc09e8f4f..., userDataDir: C:\Users\Admin\AppData\Loca...}, goog:chromeOptions: {debuggerAddress: localhost:65037}, javascriptEnabled: true, networkConnectionEnabled: false, pageLoadStrategy: normal, platform: WINDOWS, platformName: WINDOWS, proxy: Proxy(), setWindowRect: true, strictFileInteractability: false, timeouts: {implicit: 0, pageLoad: 300000, script: 30000}, unhandledPromptBehavior: dismiss and notify, webauthn:extension:credBlob: true, webauthn:extension:largeBlob: true, webauthn:extension:minPinLength: true, webauthn:extension:prf: true, webauthn:virtualAuthenticators: true}
Session ID: a21769760a90cd2d57b577aec5cae12e
	at java.base/jdk.internal.reflect.DirectConstructorHandleAccessor.newInstance(DirectConstructorHandleAccessor.java:67)
	at java.base/java.lang.reflect.Constructor.newInstanceWithCaller(Constructor.java:499)
	at java.base/java.lang.reflect.Constructor.newInstance(Constructor.java:483)
	at org.openqa.selenium.remote.http.W3CHttpResponseCodec.createException(W3CHttpResponseCodec.java:185)
	at org.openqa.selenium.remote.http.W3CHttpResponseCodec.decode(W3CHttpResponseCodec.java:120)
	at org.openqa.selenium.remote.http.W3CHttpResponseCodec.decode(W3CHttpResponseCodec.java:49)
	at org.openqa.selenium.remote.HttpCommandExecutor.execute(HttpCommandExecutor.java:164)
	at org.openqa.selenium.remote.service.DriverCommandExecutor.execute(DriverCommandExecutor.java:83)
	at org.openqa.selenium.remote.RemoteWebDriver.execute(RemoteWebDriver.java:586)
	at org.openqa.selenium.remote.RemoteWebDriver.get(RemoteWebDriver.java:310)
	at StepDefinition.HelperClass.login(HelperClass.java:42)
	at StepDefinition.StepDefinition_3_1.user_should_click_the_User_to_User_Payment(StepDefinition_3_1.java:22)
	at ✽.user should click the User to User Payment(file:///C:/Users/Admin/eclipse-workspace/Payment/src/test/resources/Features/3.1User_to_User_Payment.feature:32)
</textarea>
      
      </div>
              </div>
              <div class="step skip-bg" title="StepDefinition.StepDefinition_3_1.user_should_fill_the_to_user_field()">
                <span>And user should fill the to user field</span>
      <div>Step skipped
      </div>
              </div>
              <div class="step skip-bg" title="StepDefinition.StepDefinition_3_1.user_should_enter_the_amount()">
                <span>And User Should Enter The Amount</span>
      <div>Step skipped
      </div>
              </div>
              <div class="step skip-bg" title="StepDefinition.StepDefinition_3_1.user_should_select_recurring_payments_scheduling(java.lang.String,java.lang.String,java.lang.String)">
                <span>And User Should Select(Recurring payments) Scheduling "Recurring payments","10","12345"</span>
      <div>Step skipped
      </div>
              </div>
              <div class="step skip-bg" title="StepDefinition.StepDefinition_3_1.user_should_click_next_and_confirm_the_payment()">
                <span>Then User Should Click Next And Confirm The Payment</span>
      <div>Step skipped
      </div>
              </div>
              <div class="step skip-bg" title="StepDefinition.StepDefinition_3_1.close_the_browser()">
                <span>And Close the Browser</span>
      <div>Step skipped
      </div>
              </div>
          </div>
        </div>
  </div>
</div>
          </div>
        </li>
        <li class="test-item"  status="fail" test-id="30"
          author=""
          tag=""
          device="">
          <div class="test-detail">
            <p class="name">Payment to system</p>
            <p class="text-sm">
              <span>1:20:48 PM</span> / <span>00:00:17:384</span>
              <span class="badge fail-bg log float-right">Fail</span>
            </p>
          </div>
          <div class="test-contents d-none">
<div class="detail-head">
<div class="p-v-10">
<div class="info">
<h5 class="test-status text-fail">Payment to system</h5>
<span class='badge badge-success'>07.26.2023 1:20:48 PM</span>
<span class='badge badge-danger'>07.26.2023 1:21:05 PM</span>
<span class='badge badge-default'>00:00:17:384</span>
&middot; <span class='uri-anchor badge badge-default'>#test-id=30</span>
<span class='badge badge-default pointer float-right ml-1 et'><i class="fa fa-chevron-down"></i></span>
<span class='badge badge-default pointer float-right ct'><i class="fa fa-chevron-up"></i></span>
</div>
<div class="m-t-10 m-l-5"></div>
</div>
</div>
<div class="accordion mt-4">
  <div class="card">
    <div class="card-header" role="tab">
      <div class="card-title">
        <div class="node" id="31"><span class="badge log fail-bg mr-2">Fail</span>Payment to system</div>
      </div>
    </div>
        <div class="">
          <div class="card-body">
              <div class="step fail-bg" title="StepDefinition.StepDefinition_3_2.user_should_click_the_payment_to_system()">
                <span>Given user should click the Payment to system</span>
      <div>
        <textarea disabled class="code-block">org.openqa.selenium.WebDriverException: unknown error: net::ERR_INTERNET_DISCONNECTED
  (Session info: chrome=114.0.5735.248)
Build info: version: '3.141.59', revision: 'e82be7d358', time: '2018-11-14T08:17:03'
System info: host: 'DESKTOP-9ST93DG', ip: '127.0.0.1', os.name: 'Windows 11', os.arch: 'amd64', os.version: '10.0', java.version: '18.0.1.1'
Driver info: org.openqa.selenium.chrome.ChromeDriver
Capabilities {acceptInsecureCerts: false, browserName: chrome, browserVersion: 114.0.5735.248, chrome: {chromedriverVersion: 114.0.5735.90 (386bc09e8f4f..., userDataDir: C:\Users\Admin\AppData\Loca...}, goog:chromeOptions: {debuggerAddress: localhost:65050}, javascriptEnabled: true, networkConnectionEnabled: false, pageLoadStrategy: normal, platform: WINDOWS, platformName: WINDOWS, proxy: Proxy(), setWindowRect: true, strictFileInteractability: false, timeouts: {implicit: 0, pageLoad: 300000, script: 30000}, unhandledPromptBehavior: dismiss and notify, webauthn:extension:credBlob: true, webauthn:extension:largeBlob: true, webauthn:extension:minPinLength: true, webauthn:extension:prf: true, webauthn:virtualAuthenticators: true}
Session ID: 32a4ea06b72ac4f8131e9d25725a2f4e
	at java.base/jdk.internal.reflect.DirectConstructorHandleAccessor.newInstance(DirectConstructorHandleAccessor.java:67)
	at java.base/java.lang.reflect.Constructor.newInstanceWithCaller(Constructor.java:499)
	at java.base/java.lang.reflect.Constructor.newInstance(Constructor.java:483)
	at org.openqa.selenium.remote.http.W3CHttpResponseCodec.createException(W3CHttpResponseCodec.java:185)
	at org.openqa.selenium.remote.http.W3CHttpResponseCodec.decode(W3CHttpResponseCodec.java:120)
	at org.openqa.selenium.remote.http.W3CHttpResponseCodec.decode(W3CHttpResponseCodec.java:49)
	at org.openqa.selenium.remote.HttpCommandExecutor.execute(HttpCommandExecutor.java:164)
	at org.openqa.selenium.remote.service.DriverCommandExecutor.execute(DriverCommandExecutor.java:83)
	at org.openqa.selenium.remote.RemoteWebDriver.execute(RemoteWebDriver.java:586)
	at org.openqa.selenium.remote.RemoteWebDriver.get(RemoteWebDriver.java:310)
	at StepDefinition.HelperClass.login(HelperClass.java:42)
	at StepDefinition.StepDefinition_3_2.user_should_click_the_payment_to_system(StepDefinition_3_2.java:13)
	at ✽.user should click the Payment to system(file:///C:/Users/Admin/eclipse-workspace/Payment/src/test/resources/Features/3.2Payment_To_System.feature:5)
</textarea>
      
      </div>
              </div>
              <div class="step skip-bg" title="StepDefinition.StepDefinition_3_1.user_should_enter_the_amount()">
                <span>And User Should Enter The Amount</span>
      <div>Step skipped
      </div>
              </div>
              <div class="step skip-bg" title="StepDefinition.StepDefinition_3_1.user_should_select_scheduling()">
                <span>And User Should Select Scheduling</span>
      <div>Step skipped
      </div>
              </div>
              <div class="step skip-bg" title="StepDefinition.StepDefinition_3_1.user_should_click_next_and_confirm_the_payment()">
                <span>Then User Should Click Next And Confirm The Payment</span>
      <div>Step skipped
      </div>
              </div>
              <div class="step skip-bg" title="StepDefinition.StepDefinition_3_1.close_the_browser()">
                <span>And Close the Browser</span>
      <div>Step skipped
      </div>
              </div>
          </div>
        </div>
  </div>
  <div class="card">
    <div class="card-header" role="tab">
      <div class="card-title">
        <div class="node" id="37"><span class="badge log fail-bg mr-2">Fail</span>Payment to system(Scheduled Payments)</div>
      </div>
    </div>
        <div class="">
          <div class="card-body">
              <div class="step fail-bg" title="StepDefinition.StepDefinition_3_2.user_should_click_the_payment_to_system()">
                <span>Given user should click the Payment to system</span>
      <div>
        <textarea disabled class="code-block">org.openqa.selenium.WebDriverException: unknown error: net::ERR_INTERNET_DISCONNECTED
  (Session info: chrome=114.0.5735.248)
Build info: version: '3.141.59', revision: 'e82be7d358', time: '2018-11-14T08:17:03'
System info: host: 'DESKTOP-9ST93DG', ip: '127.0.0.1', os.name: 'Windows 11', os.arch: 'amd64', os.version: '10.0', java.version: '18.0.1.1'
Driver info: org.openqa.selenium.chrome.ChromeDriver
Capabilities {acceptInsecureCerts: false, browserName: chrome, browserVersion: 114.0.5735.248, chrome: {chromedriverVersion: 114.0.5735.90 (386bc09e8f4f..., userDataDir: C:\Users\Admin\AppData\Loca...}, goog:chromeOptions: {debuggerAddress: localhost:65064}, javascriptEnabled: true, networkConnectionEnabled: false, pageLoadStrategy: normal, platform: WINDOWS, platformName: WINDOWS, proxy: Proxy(), setWindowRect: true, strictFileInteractability: false, timeouts: {implicit: 0, pageLoad: 300000, script: 30000}, unhandledPromptBehavior: dismiss and notify, webauthn:extension:credBlob: true, webauthn:extension:largeBlob: true, webauthn:extension:minPinLength: true, webauthn:extension:prf: true, webauthn:virtualAuthenticators: true}
Session ID: 8e9d295ee1d1d19246dec2b3ed21ebfd
	at java.base/jdk.internal.reflect.DirectConstructorHandleAccessor.newInstance(DirectConstructorHandleAccessor.java:67)
	at java.base/java.lang.reflect.Constructor.newInstanceWithCaller(Constructor.java:499)
	at java.base/java.lang.reflect.Constructor.newInstance(Constructor.java:483)
	at org.openqa.selenium.remote.http.W3CHttpResponseCodec.createException(W3CHttpResponseCodec.java:185)
	at org.openqa.selenium.remote.http.W3CHttpResponseCodec.decode(W3CHttpResponseCodec.java:120)
	at org.openqa.selenium.remote.http.W3CHttpResponseCodec.decode(W3CHttpResponseCodec.java:49)
	at org.openqa.selenium.remote.HttpCommandExecutor.execute(HttpCommandExecutor.java:164)
	at org.openqa.selenium.remote.service.DriverCommandExecutor.execute(DriverCommandExecutor.java:83)
	at org.openqa.selenium.remote.RemoteWebDriver.execute(RemoteWebDriver.java:586)
	at org.openqa.selenium.remote.RemoteWebDriver.get(RemoteWebDriver.java:310)
	at StepDefinition.HelperClass.login(HelperClass.java:42)
	at StepDefinition.StepDefinition_3_2.user_should_click_the_payment_to_system(StepDefinition_3_2.java:13)
	at ✽.user should click the Payment to system(file:///C:/Users/Admin/eclipse-workspace/Payment/src/test/resources/Features/3.2Payment_To_System.feature:12)
</textarea>
      
      </div>
              </div>
              <div class="step skip-bg" title="StepDefinition.StepDefinition_3_1.user_should_enter_the_amount()">
                <span>And User Should Enter The Amount</span>
      <div>Step skipped
      </div>
              </div>
              <div class="step skip-bg" title="StepDefinition.StepDefinition_3_1.user_should_select_scheduled_scheduling(java.lang.String)">
                <span>And User Should Select(Scheduled) Scheduling "Scheduled"</span>
      <div>Step skipped
      </div>
              </div>
              <div class="step skip-bg" title="StepDefinition.StepDefinition_3_1.user_should_click_next_and_confirm_the_payment()">
                <span>Then User Should Click Next And Confirm The Payment</span>
      <div>Step skipped
      </div>
              </div>
              <div class="step skip-bg" title="StepDefinition.StepDefinition_3_1.close_the_browser()">
                <span>And Close the Browser</span>
      <div>Step skipped
      </div>
              </div>
          </div>
        </div>
  </div>
  <div class="card">
    <div class="card-header" role="tab">
      <div class="card-title">
        <div class="node" id="43"><span class="badge log fail-bg mr-2">Fail</span>Payment to system(Monthly installments)</div>
      </div>
    </div>
        <div class="">
          <div class="card-body">
              <div class="step fail-bg" title="StepDefinition.StepDefinition_3_2.user_should_click_the_payment_to_system()">
                <span>Given user should click the Payment to system</span>
      <div>
        <textarea disabled class="code-block">org.openqa.selenium.WebDriverException: unknown error: net::ERR_INTERNET_DISCONNECTED
  (Session info: chrome=114.0.5735.248)
Build info: version: '3.141.59', revision: 'e82be7d358', time: '2018-11-14T08:17:03'
System info: host: 'DESKTOP-9ST93DG', ip: '127.0.0.1', os.name: 'Windows 11', os.arch: 'amd64', os.version: '10.0', java.version: '18.0.1.1'
Driver info: org.openqa.selenium.chrome.ChromeDriver
Capabilities {acceptInsecureCerts: false, browserName: chrome, browserVersion: 114.0.5735.248, chrome: {chromedriverVersion: 114.0.5735.90 (386bc09e8f4f..., userDataDir: C:\Users\Admin\AppData\Loca...}, goog:chromeOptions: {debuggerAddress: localhost:65078}, javascriptEnabled: true, networkConnectionEnabled: false, pageLoadStrategy: normal, platform: WINDOWS, platformName: WINDOWS, proxy: Proxy(), setWindowRect: true, strictFileInteractability: false, timeouts: {implicit: 0, pageLoad: 300000, script: 30000}, unhandledPromptBehavior: dismiss and notify, webauthn:extension:credBlob: true, webauthn:extension:largeBlob: true, webauthn:extension:minPinLength: true, webauthn:extension:prf: true, webauthn:virtualAuthenticators: true}
Session ID: 19df7c55f70b551f6d63b6325b8ed93d
	at java.base/jdk.internal.reflect.DirectConstructorHandleAccessor.newInstance(DirectConstructorHandleAccessor.java:67)
	at java.base/java.lang.reflect.Constructor.newInstanceWithCaller(Constructor.java:499)
	at java.base/java.lang.reflect.Constructor.newInstance(Constructor.java:483)
	at org.openqa.selenium.remote.http.W3CHttpResponseCodec.createException(W3CHttpResponseCodec.java:185)
	at org.openqa.selenium.remote.http.W3CHttpResponseCodec.decode(W3CHttpResponseCodec.java:120)
	at org.openqa.selenium.remote.http.W3CHttpResponseCodec.decode(W3CHttpResponseCodec.java:49)
	at org.openqa.selenium.remote.HttpCommandExecutor.execute(HttpCommandExecutor.java:164)
	at org.openqa.selenium.remote.service.DriverCommandExecutor.execute(DriverCommandExecutor.java:83)
	at org.openqa.selenium.remote.RemoteWebDriver.execute(RemoteWebDriver.java:586)
	at org.openqa.selenium.remote.RemoteWebDriver.get(RemoteWebDriver.java:310)
	at StepDefinition.HelperClass.login(HelperClass.java:42)
	at StepDefinition.StepDefinition_3_2.user_should_click_the_payment_to_system(StepDefinition_3_2.java:13)
	at ✽.user should click the Payment to system(file:///C:/Users/Admin/eclipse-workspace/Payment/src/test/resources/Features/3.2Payment_To_System.feature:19)
</textarea>
      
      </div>
              </div>
              <div class="step skip-bg" title="StepDefinition.StepDefinition_3_1.user_should_enter_the_amount()">
                <span>And User Should Enter The Amount</span>
      <div>Step skipped
      </div>
              </div>
              <div class="step skip-bg" title="StepDefinition.StepDefinition_3_1.user_should_select_monthly_installments_scheduling(java.lang.String,java.lang.String)">
                <span>And User Should Select(Monthly installments) Scheduling "Monthly installments","10"</span>
      <div>Step skipped
      </div>
              </div>
              <div class="step skip-bg" title="StepDefinition.StepDefinition_3_1.user_should_click_next_and_confirm_the_payment_for_monthly_installments()">
                <span>Then User Should Click Next And Confirm The Payment For Monthly installments</span>
      <div>Step skipped
      </div>
              </div>
              <div class="step skip-bg" title="StepDefinition.StepDefinition_3_1.close_the_browser()">
                <span>And Close the Browser</span>
      <div>Step skipped
      </div>
              </div>
          </div>
        </div>
  </div>
</div>
          </div>
        </li>
        <li class="test-item"  status="fail" test-id="49"
          author=""
          tag=""
          device="">
          <div class="test-detail">
            <p class="name">Payment Requests</p>
            <p class="text-sm">
              <span>1:21:05 PM</span> / <span>00:00:35:584</span>
              <span class="badge fail-bg log float-right">Fail</span>
            </p>
          </div>
          <div class="test-contents d-none">
<div class="detail-head">
<div class="p-v-10">
<div class="info">
<h5 class="test-status text-fail">Payment Requests</h5>
<span class='badge badge-success'>07.26.2023 1:21:05 PM</span>
<span class='badge badge-danger'>07.26.2023 1:21:41 PM</span>
<span class='badge badge-default'>00:00:35:584</span>
&middot; <span class='uri-anchor badge badge-default'>#test-id=49</span>
<span class='badge badge-default pointer float-right ml-1 et'><i class="fa fa-chevron-down"></i></span>
<span class='badge badge-default pointer float-right ct'><i class="fa fa-chevron-up"></i></span>
</div>
<div class="m-t-10 m-l-5"></div>
</div>
</div>
<div class="accordion mt-4">
  <div class="card">
    <div class="card-header" role="tab">
      <div class="card-title">
        <div class="node" id="50"><span class="badge log fail-bg mr-2">Fail</span>Payment Requests</div>
      </div>
    </div>
        <div class="">
          <div class="card-body">
              <div class="step fail-bg" title="StepDefinition.StepDefinition_3_3.user_should_click_the_payment_requests()">
                <span>Given user should click the Payment Requests</span>
      <div>
        <textarea disabled class="code-block">org.openqa.selenium.NoSuchWindowException: no such window: target window already closed
from unknown error: web view not found
  (Session info: chrome=114.0.5735.248)
Build info: version: '3.141.59', revision: 'e82be7d358', time: '2018-11-14T08:17:03'
System info: host: 'DESKTOP-9ST93DG', ip: '127.0.0.1', os.name: 'Windows 11', os.arch: 'amd64', os.version: '10.0', java.version: '18.0.1.1'
Driver info: org.openqa.selenium.chrome.ChromeDriver
Capabilities {acceptInsecureCerts: false, browserName: chrome, browserVersion: 114.0.5735.248, chrome: {chromedriverVersion: 114.0.5735.90 (386bc09e8f4f..., userDataDir: C:\Users\Admin\AppData\Loca...}, goog:chromeOptions: {debuggerAddress: localhost:65093}, javascriptEnabled: true, networkConnectionEnabled: false, pageLoadStrategy: normal, platform: WINDOWS, platformName: WINDOWS, proxy: Proxy(), setWindowRect: true, strictFileInteractability: false, timeouts: {implicit: 0, pageLoad: 300000, script: 30000}, unhandledPromptBehavior: dismiss and notify, webauthn:extension:credBlob: true, webauthn:extension:largeBlob: true, webauthn:extension:minPinLength: true, webauthn:extension:prf: true, webauthn:virtualAuthenticators: true}
Session ID: 2a88b42872a0c007268d7723b207d99a
*** Element info: {Using=xpath, value=//input[@type='text']}
	at java.base/jdk.internal.reflect.DirectConstructorHandleAccessor.newInstance(DirectConstructorHandleAccessor.java:67)
	at java.base/java.lang.reflect.Constructor.newInstanceWithCaller(Constructor.java:499)
	at java.base/java.lang.reflect.Constructor.newInstance(Constructor.java:483)
	at org.openqa.selenium.remote.http.W3CHttpResponseCodec.createException(W3CHttpResponseCodec.java:185)
	at org.openqa.selenium.remote.http.W3CHttpResponseCodec.decode(W3CHttpResponseCodec.java:120)
	at org.openqa.selenium.remote.http.W3CHttpResponseCodec.decode(W3CHttpResponseCodec.java:49)
	at org.openqa.selenium.remote.HttpCommandExecutor.execute(HttpCommandExecutor.java:164)
	at org.openqa.selenium.remote.service.DriverCommandExecutor.execute(DriverCommandExecutor.java:83)
	at org.openqa.selenium.remote.RemoteWebDriver.execute(RemoteWebDriver.java:586)
	at org.openqa.selenium.remote.RemoteWebDriver.findElement(RemoteWebDriver.java:356)
	at org.openqa.selenium.remote.RemoteWebDriver.findElementByXPath(RemoteWebDriver.java:458)
	at org.openqa.selenium.By$ByXPath.findElement(By.java:353)
	at org.openqa.selenium.remote.RemoteWebDriver.findElement(RemoteWebDriver.java:348)
	at org.openqa.selenium.support.pagefactory.DefaultElementLocator.findElement(DefaultElementLocator.java:69)
	at org.openqa.selenium.support.pagefactory.internal.LocatingElementHandler.invoke(LocatingElementHandler.java:38)
	at jdk.proxy2/jdk.proxy2.$Proxy22.toString(Unknown Source)
	at java.base/java.lang.String.valueOf(String.java:4213)
	at java.base/java.lang.StringBuilder.append(StringBuilder.java:173)
	at org.openqa.selenium.support.ui.ExpectedConditions$10.toString(ExpectedConditions.java:305)
	at java.base/java.lang.String.valueOf(String.java:4213)
	at java.base/java.lang.StringBuilder.append(StringBuilder.java:173)
	at org.openqa.selenium.support.ui.FluentWait.until(FluentWait.java:268)
	at StepDefinition.HelperClass.login(HelperClass.java:45)
	at StepDefinition.StepDefinition_3_3.user_should_click_the_payment_requests(StepDefinition_3_3.java:19)
	at ✽.user should click the Payment Requests(file:///C:/Users/Admin/eclipse-workspace/Payment/src/test/resources/Features/3.3Payment_Requests.feature:5)
</textarea>
      
      </div>
              </div>
              <div class="step skip-bg" title="StepDefinition.StepDefinition_3_3.user_should_click_send_new_request()">
                <span>And User Should Click Send New Request</span>
      <div>Step skipped
      </div>
              </div>
              <div class="step skip-bg" title="StepDefinition.StepDefinition_3_3.user_should_select_receiver()">
                <span>Then User Should Select Receiver</span>
      <div>Step skipped
      </div>
              </div>
              <div class="step skip-bg" title="StepDefinition.StepDefinition_3_3.user_should_enter_the_amount()">
                <span>And User Should Enter The  Amount</span>
      <div>Step skipped
      </div>
              </div>
              <div class="step skip-bg" title="StepDefinition.StepDefinition_3_3.user_should_enter_the_expiration_date()">
                <span>Then User Should Enter The Expiration Date</span>
      <div>Step skipped
      </div>
              </div>
              <div class="step skip-bg" title="StepDefinition.StepDefinition_3_3.user_should_click_confirm()">
                <span>And User Should click Confirm</span>
      <div>Step skipped
      </div>
              </div>
              <div class="step skip-bg" title="StepDefinition.StepDefinition_3_1.close_the_browser()">
                <span>And Close the Browser</span>
      <div>Step skipped
      </div>
              </div>
          </div>
        </div>
  </div>
</div>
          </div>
        </li>
        <li class="test-item"  status="fail" test-id="58"
          author=""
          tag=""
          device="">
          <div class="test-detail">
            <p class="name">Alert</p>
            <p class="text-sm">
              <span>1:21:41 PM</span> / <span>00:00:02:637</span>
              <span class="badge fail-bg log float-right">Fail</span>
            </p>
          </div>
          <div class="test-contents d-none">
<div class="detail-head">
<div class="p-v-10">
<div class="info">
<h5 class="test-status text-fail">Alert</h5>
<span class='badge badge-success'>07.26.2023 1:21:41 PM</span>
<span class='badge badge-danger'>07.26.2023 1:21:43 PM</span>
<span class='badge badge-default'>00:00:02:637</span>
&middot; <span class='uri-anchor badge badge-default'>#test-id=58</span>
<span class='badge badge-default pointer float-right ml-1 et'><i class="fa fa-chevron-down"></i></span>
<span class='badge badge-default pointer float-right ct'><i class="fa fa-chevron-up"></i></span>
</div>
<div class="m-t-10 m-l-5"></div>
</div>
</div>
<div class="accordion mt-4">
  <div class="card">
    <div class="card-header" role="tab">
      <div class="card-title">
        <div class="node" id="59"><span class="badge log fail-bg mr-2">Fail</span>Alert</div>
      </div>
    </div>
        <div class="">
          <div class="card-body">
              <div class="step fail-bg" title="StepDefinition.StepDefinition_5.user_should_click_the_market()">
                <span>Given user should click the market</span>
      <div>
        <textarea disabled class="code-block">org.openqa.selenium.WebDriverException: unknown error: net::ERR_INTERNET_DISCONNECTED
  (Session info: chrome=114.0.5735.248)
Build info: version: '3.141.59', revision: 'e82be7d358', time: '2018-11-14T08:17:03'
System info: host: 'DESKTOP-9ST93DG', ip: '127.0.0.1', os.name: 'Windows 11', os.arch: 'amd64', os.version: '10.0', java.version: '18.0.1.1'
Driver info: org.openqa.selenium.chrome.ChromeDriver
Capabilities {acceptInsecureCerts: false, browserName: chrome, browserVersion: 114.0.5735.248, chrome: {chromedriverVersion: 114.0.5735.90 (386bc09e8f4f..., userDataDir: C:\Users\Admin\AppData\Loca...}, goog:chromeOptions: {debuggerAddress: localhost:65108}, javascriptEnabled: true, networkConnectionEnabled: false, pageLoadStrategy: normal, platform: WINDOWS, platformName: WINDOWS, proxy: Proxy(), setWindowRect: true, strictFileInteractability: false, timeouts: {implicit: 0, pageLoad: 300000, script: 30000}, unhandledPromptBehavior: dismiss and notify, webauthn:extension:credBlob: true, webauthn:extension:largeBlob: true, webauthn:extension:minPinLength: true, webauthn:extension:prf: true, webauthn:virtualAuthenticators: true}
Session ID: c760b4bf80b06cc1746ee73c241a2663
	at java.base/jdk.internal.reflect.DirectConstructorHandleAccessor.newInstance(DirectConstructorHandleAccessor.java:67)
	at java.base/java.lang.reflect.Constructor.newInstanceWithCaller(Constructor.java:499)
	at java.base/java.lang.reflect.Constructor.newInstance(Constructor.java:483)
	at org.openqa.selenium.remote.http.W3CHttpResponseCodec.createException(W3CHttpResponseCodec.java:185)
	at org.openqa.selenium.remote.http.W3CHttpResponseCodec.decode(W3CHttpResponseCodec.java:120)
	at org.openqa.selenium.remote.http.W3CHttpResponseCodec.decode(W3CHttpResponseCodec.java:49)
	at org.openqa.selenium.remote.HttpCommandExecutor.execute(HttpCommandExecutor.java:164)
	at org.openqa.selenium.remote.service.DriverCommandExecutor.execute(DriverCommandExecutor.java:83)
	at org.openqa.selenium.remote.RemoteWebDriver.execute(RemoteWebDriver.java:586)
	at org.openqa.selenium.remote.RemoteWebDriver.get(RemoteWebDriver.java:310)
	at StepDefinition.HelperClass.login(HelperClass.java:42)
	at StepDefinition.StepDefinition_5.user_should_click_the_market(StepDefinition_5.java:16)
	at ✽.user should click the market(file:///C:/Users/Admin/eclipse-workspace/Payment/src/test/resources/Features/Feature_5.feature:5)
</textarea>
      
      </div>
              </div>
              <div class="step skip-bg" title="StepDefinition.StepDefinition_5.user_should_click_advertisements()">
                <span>And User Should Click Advertisements</span>
      <div>Step skipped
      </div>
              </div>
              <div class="step skip-bg" title="StepDefinition.StepDefinition_5.user_should_click_show_advertisements()">
                <span>Then User Should Click Show Advertisements</span>
      <div>Step skipped
      </div>
              </div>
              <div class="step skip-bg" title="StepDefinition.StepDefinition_5.click_food()">
                <span>And click Food</span>
      <div>Step skipped
      </div>
              </div>
              <div class="step skip-bg" title="StepDefinition.StepDefinition_5.user_should_click_ask()">
                <span>Then User Should click Ask</span>
      <div>Step skipped
      </div>
              </div>
              <div class="step skip-bg" title="StepDefinition.StepDefinition_5.user_should_pass_value()">
                <span>And User Should Pass Value</span>
      <div>Step skipped
      </div>
              </div>
          </div>
        </div>
  </div>
</div>
          </div>
        </li>
      </ul>
    </div>
  </div>
<div class="test-content scrollable">
<div class="test-content-tools">
<ul><li><a class="back-to-test" href="#"><i class="fa fa-arrow-left"></i></a></li></ul>
</div>
<div class="test-content-detail"><div class="detail-body"></div></div>
</div></div>
<div class="test-wrapper row view category-view attributes-view">
<div class="test-list">
<div class="test-list-tools">
<ul class="tools pull-left"><li><a href=""><span class="font-size-14">Category</span></a></li></ul>
<ul class="tools text-right"><li><a href="#"><span class="badge badge-primary">5</span></a></li></ul>
</div>
<div class="test-list-wrapper scrollable">
<ul class="test-list-item">
<li class="test-item">
<div class="test-detail">
<span class="meta">
<span class='badge log badge-danger'>1</span>
</span>
<p class="name">@Test4</p>
<p class="duration text-sm">1 tests</p>
</div>
<div class="test-contents d-none">
<div class="info">
<h4>@Test4</h4>
<span status="fail" class='badge log badge-danger'>1 failed</span>
</div>
<table class='table table-sm mt-4'>
<thead>
<tr>
<th class="status-col">Status</th>
<th class="timestamp-col">Timestamp</th>
<th>TestName</th>
</tr>
</thead>
<tbody>
<tr class="tag-test-status" status="fail">
<td><span class="badge log fail-bg">Fail</span></td>
<td>13:20:44 PM</td>
<td>
<a href="#" class="linked" test-id='1' id='23'>User to User Payment(Recurring payments)</a>
<div class="">
<span class="badge badge-default">User to User Payment.User to User Payment(Recurring payments)</span>
</div>
</td>
</tr>
</tbody>
</table>
</div>
</li>
<li class="test-item">
<div class="test-detail">
<span class="meta">
<span class='badge log badge-danger'>4</span>
</span>
<p class="name">@Test1</p>
<p class="duration text-sm">4 tests</p>
</div>
<div class="test-contents d-none">
<div class="info">
<h4>@Test1</h4>
<span status="fail" class='badge log badge-danger'>4 failed</span>
</div>
<table class='table table-sm mt-4'>
<thead>
<tr>
<th class="status-col">Status</th>
<th class="timestamp-col">Timestamp</th>
<th>TestName</th>
</tr>
</thead>
<tbody>
<tr class="tag-test-status" status="fail">
<td><span class="badge log fail-bg">Fail</span></td>
<td>13:20:22 PM</td>
<td>
<a href="#" class="linked" test-id='1' id='2'>User to User Payment</a>
<div class="">
<span class="badge badge-default">User to User Payment.User to User Payment</span>
</div>
</td>
</tr>
<tr class="tag-test-status" status="fail">
<td><span class="badge log fail-bg">Fail</span></td>
<td>13:20:48 PM</td>
<td>
<a href="#" class="linked" test-id='30' id='31'>Payment to system</a>
<div class="">
<span class="badge badge-default">Payment to system.Payment to system</span>
</div>
</td>
</tr>
<tr class="tag-test-status" status="fail">
<td><span class="badge log fail-bg">Fail</span></td>
<td>13:21:05 PM</td>
<td>
<a href="#" class="linked" test-id='49' id='50'>Payment Requests</a>
<div class="">
<span class="badge badge-default">Payment Requests.Payment Requests</span>
</div>
</td>
</tr>
<tr class="tag-test-status" status="fail">
<td><span class="badge log fail-bg">Fail</span></td>
<td>13:21:41 PM</td>
<td>
<a href="#" class="linked" test-id='58' id='59'>Alert</a>
<div class="">
<span class="badge badge-default">Alert.Alert</span>
</div>
</td>
</tr>
</tbody>
</table>
</div>
</li>
<li class="test-item">
<div class="test-detail">
<span class="meta">
<span class='badge log badge-danger'>2</span>
</span>
<p class="name">@Test2</p>
<p class="duration text-sm">2 tests</p>
</div>
<div class="test-contents d-none">
<div class="info">
<h4>@Test2</h4>
<span status="fail" class='badge log badge-danger'>2 failed</span>
</div>
<table class='table table-sm mt-4'>
<thead>
<tr>
<th class="status-col">Status</th>
<th class="timestamp-col">Timestamp</th>
<th>TestName</th>
</tr>
</thead>
<tbody>
<tr class="tag-test-status" status="fail">
<td><span class="badge log fail-bg">Fail</span></td>
<td>13:20:36 PM</td>
<td>
<a href="#" class="linked" test-id='1' id='9'>User to User Payment(Scheduled Payments)</a>
<div class="">
<span class="badge badge-default">User to User Payment.User to User Payment(Scheduled Payments)</span>
</div>
</td>
</tr>
<tr class="tag-test-status" status="fail">
<td><span class="badge log fail-bg">Fail</span></td>
<td>13:20:52 PM</td>
<td>
<a href="#" class="linked" test-id='30' id='37'>Payment to system(Scheduled Payments)</a>
<div class="">
<span class="badge badge-default">Payment to system.Payment to system(Scheduled Payments)</span>
</div>
</td>
</tr>
</tbody>
</table>
</div>
</li>
<li class="test-item">
<div class="test-detail">
<span class="meta">
<span class='badge log badge-danger'>9</span>
</span>
<p class="name">@tag</p>
<p class="duration text-sm">9 tests</p>
</div>
<div class="test-contents d-none">
<div class="info">
<h4>@tag</h4>
<span status="fail" class='badge log badge-danger'>9 failed</span>
</div>
<table class='table table-sm mt-4'>
<thead>
<tr>
<th class="status-col">Status</th>
<th class="timestamp-col">Timestamp</th>
<th>TestName</th>
</tr>
</thead>
<tbody>
<tr class="tag-test-status" status="fail">
<td><span class="badge log fail-bg">Fail</span></td>
<td>13:20:22 PM</td>
<td>
<a href="#" class="linked" test-id='1' id='2'>User to User Payment</a>
<div class="">
<span class="badge badge-default">User to User Payment.User to User Payment</span>
</div>
</td>
</tr>
<tr class="tag-test-status" status="fail">
<td><span class="badge log fail-bg">Fail</span></td>
<td>13:20:36 PM</td>
<td>
<a href="#" class="linked" test-id='1' id='9'>User to User Payment(Scheduled Payments)</a>
<div class="">
<span class="badge badge-default">User to User Payment.User to User Payment(Scheduled Payments)</span>
</div>
</td>
</tr>
<tr class="tag-test-status" status="fail">
<td><span class="badge log fail-bg">Fail</span></td>
<td>13:20:40 PM</td>
<td>
<a href="#" class="linked" test-id='1' id='16'>User to User Payment(Monthly installments)</a>
<div class="">
<span class="badge badge-default">User to User Payment.User to User Payment(Monthly installments)</span>
</div>
</td>
</tr>
<tr class="tag-test-status" status="fail">
<td><span class="badge log fail-bg">Fail</span></td>
<td>13:20:44 PM</td>
<td>
<a href="#" class="linked" test-id='1' id='23'>User to User Payment(Recurring payments)</a>
<div class="">
<span class="badge badge-default">User to User Payment.User to User Payment(Recurring payments)</span>
</div>
</td>
</tr>
<tr class="tag-test-status" status="fail">
<td><span class="badge log fail-bg">Fail</span></td>
<td>13:20:48 PM</td>
<td>
<a href="#" class="linked" test-id='30' id='31'>Payment to system</a>
<div class="">
<span class="badge badge-default">Payment to system.Payment to system</span>
</div>
</td>
</tr>
<tr class="tag-test-status" status="fail">
<td><span class="badge log fail-bg">Fail</span></td>
<td>13:20:52 PM</td>
<td>
<a href="#" class="linked" test-id='30' id='37'>Payment to system(Scheduled Payments)</a>
<div class="">
<span class="badge badge-default">Payment to system.Payment to system(Scheduled Payments)</span>
</div>
</td>
</tr>
<tr class="tag-test-status" status="fail">
<td><span class="badge log fail-bg">Fail</span></td>
<td>13:20:58 PM</td>
<td>
<a href="#" class="linked" test-id='30' id='43'>Payment to system(Monthly installments)</a>
<div class="">
<span class="badge badge-default">Payment to system.Payment to system(Monthly installments)</span>
</div>
</td>
</tr>
<tr class="tag-test-status" status="fail">
<td><span class="badge log fail-bg">Fail</span></td>
<td>13:21:05 PM</td>
<td>
<a href="#" class="linked" test-id='49' id='50'>Payment Requests</a>
<div class="">
<span class="badge badge-default">Payment Requests.Payment Requests</span>
</div>
</td>
</tr>
<tr class="tag-test-status" status="fail">
<td><span class="badge log fail-bg">Fail</span></td>
<td>13:21:41 PM</td>
<td>
<a href="#" class="linked" test-id='58' id='59'>Alert</a>
<div class="">
<span class="badge badge-default">Alert.Alert</span>
</div>
</td>
</tr>
</tbody>
</table>
</div>
</li>
<li class="test-item">
<div class="test-detail">
<span class="meta">
<span class='badge log badge-danger'>2</span>
</span>
<p class="name">@Test3</p>
<p class="duration text-sm">2 tests</p>
</div>
<div class="test-contents d-none">
<div class="info">
<h4>@Test3</h4>
<span status="fail" class='badge log badge-danger'>2 failed</span>
</div>
<table class='table table-sm mt-4'>
<thead>
<tr>
<th class="status-col">Status</th>
<th class="timestamp-col">Timestamp</th>
<th>TestName</th>
</tr>
</thead>
<tbody>
<tr class="tag-test-status" status="fail">
<td><span class="badge log fail-bg">Fail</span></td>
<td>13:20:40 PM</td>
<td>
<a href="#" class="linked" test-id='1' id='16'>User to User Payment(Monthly installments)</a>
<div class="">
<span class="badge badge-default">User to User Payment.User to User Payment(Monthly installments)</span>
</div>
</td>
</tr>
<tr class="tag-test-status" status="fail">
<td><span class="badge log fail-bg">Fail</span></td>
<td>13:20:58 PM</td>
<td>
<a href="#" class="linked" test-id='30' id='43'>Payment to system(Monthly installments)</a>
<div class="">
<span class="badge badge-default">Payment to system.Payment to system(Monthly installments)</span>
</div>
</td>
</tr>
</tbody>
</table>
</div>
</li>
</ul>
</div>
</div>
<div class="test-content scrollable">
<div class="test-content-detail">
<div class="detail-body"></div>
</div>
</div>
</div><div class="test-wrapper row view exception-view attributes-view">
<div class="test-list">
<div class="test-list-tools">
<ul class="tools pull-left"><li><a href=""><span class="font-size-14">Exception</span></a></li></ul>
<ul class="tools text-right"><li><a href="#"><span class="badge badge-primary">2</span></a></li></ul>
</div>
<div class="test-list-wrapper scrollable">
<ul class="test-list-item">
<li class="test-item">
<div class="test-detail">
<span class="meta">
<span class='badge log badge-danger'>8</span>
</span>
<p class="name">org.openqa.selenium.WebDriverException</p>
<p class="duration text-sm">8 tests</p>
</div>
<div class="test-contents d-none">
<div class="info">
<h4>org.openqa.selenium.WebDriverException</h4>
<span status="fail" class='badge log badge-danger'>8 failed</span>
</div>
<table class='table table-sm mt-4'>
<thead>
<tr>
<th class="status-col">Status</th>
<th class="timestamp-col">Timestamp</th>
<th>TestName</th>
</tr>
</thead>
<tbody>
<tr class="tag-test-status" status="fail">
<td><span class="badge log fail-bg">Fail</span></td>
<td>13:20:22 PM</td>
<td>
<a href="#" class="linked" test-id='1' id='3'>Given user should click the User to User Payment</a>
<div class="">
<span class="badge badge-default">User to User Payment.User to User Payment.Given user should click the User to User Payment</span>
</div>
</td>
</tr>
<tr class="tag-test-status" status="fail">
<td><span class="badge log fail-bg">Fail</span></td>
<td>13:20:36 PM</td>
<td>
<a href="#" class="linked" test-id='1' id='10'>Given user should click the User to User Payment</a>
<div class="">
<span class="badge badge-default">User to User Payment.User to User Payment(Scheduled Payments).Given user should click the User to User Payment</span>
</div>
</td>
</tr>
<tr class="tag-test-status" status="fail">
<td><span class="badge log fail-bg">Fail</span></td>
<td>13:20:40 PM</td>
<td>
<a href="#" class="linked" test-id='1' id='17'>Given user should click the User to User Payment</a>
<div class="">
<span class="badge badge-default">User to User Payment.User to User Payment(Monthly installments).Given user should click the User to User Payment</span>
</div>
</td>
</tr>
<tr class="tag-test-status" status="fail">
<td><span class="badge log fail-bg">Fail</span></td>
<td>13:20:44 PM</td>
<td>
<a href="#" class="linked" test-id='1' id='24'>Given user should click the User to User Payment</a>
<div class="">
<span class="badge badge-default">User to User Payment.User to User Payment(Recurring payments).Given user should click the User to User Payment</span>
</div>
</td>
</tr>
<tr class="tag-test-status" status="fail">
<td><span class="badge log fail-bg">Fail</span></td>
<td>13:20:48 PM</td>
<td>
<a href="#" class="linked" test-id='30' id='32'>Given user should click the Payment to system</a>
<div class="">
<span class="badge badge-default">Payment to system.Payment to system.Given user should click the Payment to system</span>
</div>
</td>
</tr>
<tr class="tag-test-status" status="fail">
<td><span class="badge log fail-bg">Fail</span></td>
<td>13:20:52 PM</td>
<td>
<a href="#" class="linked" test-id='30' id='38'>Given user should click the Payment to system</a>
<div class="">
<span class="badge badge-default">Payment to system.Payment to system(Scheduled Payments).Given user should click the Payment to system</span>
</div>
</td>
</tr>
<tr class="tag-test-status" status="fail">
<td><span class="badge log fail-bg">Fail</span></td>
<td>13:20:58 PM</td>
<td>
<a href="#" class="linked" test-id='30' id='44'>Given user should click the Payment to system</a>
<div class="">
<span class="badge badge-default">Payment to system.Payment to system(Monthly installments).Given user should click the Payment to system</span>
</div>
</td>
</tr>
<tr class="tag-test-status" status="fail">
<td><span class="badge log fail-bg">Fail</span></td>
<td>13:21:41 PM</td>
<td>
<a href="#" class="linked" test-id='58' id='60'>Given user should click the market</a>
<div class="">
<span class="badge badge-default">Alert.Alert.Given user should click the market</span>
</div>
</td>
</tr>
</tbody>
</table>
</div>
</li>
<li class="test-item">
<div class="test-detail">
<span class="meta">
<span class='badge log badge-danger'>1</span>
</span>
<p class="name">org.openqa.selenium.NoSuchWindowException</p>
<p class="duration text-sm">1 tests</p>
</div>
<div class="test-contents d-none">
<div class="info">
<h4>org.openqa.selenium.NoSuchWindowException</h4>
<span status="fail" class='badge log badge-danger'>1 failed</span>
</div>
<table class='table table-sm mt-4'>
<thead>
<tr>
<th class="status-col">Status</th>
<th class="timestamp-col">Timestamp</th>
<th>TestName</th>
</tr>
</thead>
<tbody>
<tr class="tag-test-status" status="fail">
<td><span class="badge log fail-bg">Fail</span></td>
<td>13:21:05 PM</td>
<td>
<a href="#" class="linked" test-id='49' id='51'>Given user should click the Payment Requests</a>
<div class="">
<span class="badge badge-default">Payment Requests.Payment Requests.Given user should click the Payment Requests</span>
</div>
</td>
</tr>
</tbody>
</table>
</div>
</li>
</ul>
</div>
</div>
<div class="test-content scrollable">
<div class="test-content-detail">
<div class="detail-body"></div>
</div>
</div>
</div>        </div>
      </div>
    </div>
  </div>
<script src="https://cdn.jsdelivr.net/gh/extent-framework/extent-github-cdn@d6562a79075e061305ccfdb82f01e5e195e2d307/spark/js/spark-script.js"></script>
<script type="text/javascript"></script></body>
</html>